2018-04-09 20:28:17 嘉缘人才系统v3.6存在文件包含漏洞 insert success
2018-04-09 20:28:30 LvyeCms v3.1存在任意文件写入漏洞 insert success
2018-04-09 20:28:44 LvyeCms v3.1存在任意文件创建漏洞 insert success
2018-04-09 20:28:58 LvyeCms v3.1版本存在代码执行漏洞 insert success
2018-04-09 20:29:12 SchoolCMS v2.3存在代码执行漏洞 insert success
2018-04-09 20:29:27 WANCMS v1.0存在代码执行漏洞 insert success
2018-04-09 20:29:41 ZhiCms v1.8存在代码执行漏洞 insert success
2018-04-09 20:29:55 ThinkLC V3.9分类信息系统www_admin_member... insert success
2018-04-09 20:30:09 weiPHP存在代码执行漏洞 insert success
2018-04-09 20:51:17 嘉缘人才系统v3.6存在文件包含漏洞 insert success
2018-04-09 20:51:30 LvyeCms v3.1存在任意文件写入漏洞 insert success
2018-04-09 20:51:44 LvyeCms v3.1存在任意文件创建漏洞 insert success
2018-04-09 20:51:58 LvyeCms v3.1版本存在代码执行漏洞 insert success
2018-04-11 13:39:04 多个Auth0库跨站请求伪造漏洞 insert success
2018-04-11 13:39:19 多个Auth0库身份验证绕过漏洞 insert success
2018-04-11 13:50:41 多个Auth0库跨站请求伪造漏洞 insert success
2018-04-11 13:50:55 多个Auth0库身份验证绕过漏洞 insert success
2018-04-11 14:03:40 多个Auth0库跨站请求伪造漏洞 insert success
2018-04-11 14:53:46 多个Auth0库跨站请求伪造漏洞 insert success
2018-04-11 14:54:01 多个Auth0库身份验证绕过漏洞 insert success
2018-04-11 14:54:15 Systematic SitaWare拒绝服务漏洞 insert success
2018-04-11 16:37:36 Google Chrome interstitials命令执行漏洞 insert success
2018-04-11 16:37:51 多个Auth0库跨站请求伪造漏洞 insert success
